<?xml version="1.0" encoding="UTF-8"?>
<!-- Generated by org.testng.reporters.JUnitReportReporter -->
<testsuite hostname="DESKTOP-2HU8DT4" name="com.splashid.addRecordTest.AddRecordTest" tests="1" failures="0" timestamp="28 Mar 2016 12:33:15 GMT" time="113.299" errors="0">
  <testcase name="addNewRecordTest" time="113.299" classname="com.splashid.addRecordTest.AddRecordTest"/>
</testsuite> <!-- com.splashid.addRecordTest.AddRecordTest -->
