<?xml version="1.0" encoding="UTF-8"?>
<!-- Generated by org.testng.reporters.JUnitReportReporter -->
<testsuite hostname="DESKTOP-2HU8DT4" name="com.splashid.addRecordTest.EditRecordTest" tests="1" failures="0" timestamp="28 Mar 2016 13:00:10 GMT" time="88.636" errors="0">
  <testcase name="editRecordTest" time="88.636" classname="com.splashid.addRecordTest.EditRecordTest"/>
</testsuite> <!-- com.splashid.addRecordTest.EditRecordTest -->
